<?xml version="1.0" encoding="UTF-8"?>
<testng-results skipped="0" failed="0" ignored="0" total="1" passed="1">
  <reporter-output>
  </reporter-output>
  <suite name="test suite" duration-ms="40" started-at="2018-08-13T08:29:35Z" finished-at="2018-08-13T08:29:35Z">
    <groups>
    </groups>
    <test name="Demo Maven" duration-ms="40" started-at="2018-08-13T08:29:35Z" finished-at="2018-08-13T08:29:35Z">
      <class name="Login">
        <test-method status="PASS" signature="testmethod()[pri:0, instance:Login@7cf10a6f]" name="testmethod" duration-ms="14" started-at="2018-08-13T13:59:35Z" finished-at="2018-08-13T13:59:35Z">
          <reporter-output>
          </reporter-output>
        </test-method> <!-- testmethod -->
      </class> <!-- Login -->
    </test> <!-- Demo Maven -->
  </suite> <!-- test suite -->
</testng-results>
